<?xml version="1.0" encoding="UTF-8"?>
<!-- Generated by org.testng.reporters.JUnitReportReporter -->
<testsuite hostname="DESKTOP-FD4QRKI" failures="0" tests="1" name="com.vtiger.campaignTest.CreateCampaignTest" time="87.435" errors="0" timestamp="2022-05-24T15:44:29 IST" skipped="0">
  <testcase classname="com.vtiger.campaignTest.CreateCampaignTest" name="createCampaignTest" time="87.435"/>
  <system-out/>
</testsuite> <!-- com.vtiger.campaignTest.CreateCampaignTest -->
