<?xml version="1.0" encoding="UTF-8"?>
<!-- Generated by org.testng.reporters.JUnitReportReporter -->
<testsuite hostname="DESKTOP-FD4QRKI" failures="0" tests="1" name="com.vtiger.organizationTest.CreateOraganizationTest" time="20.177" errors="0" timestamp="2022-05-20T16:06:40 IST" skipped="0">
  <testcase classname="com.vtiger.organizationTest.CreateOraganizationTest" name="createOraganizationTest" time="20.177"/>
  <system-out/>
</testsuite> <!-- com.vtiger.organizationTest.CreateOraganizationTest -->
