<?xml version="1.0" encoding="UTF-8"?>
<!-- Generated by org.testng.reporters.JUnitReportReporter -->
<testsuite skipped="0" hostname="DESKTOP-FD4QRKI" name="com.vtiger.documentTest.CreateDocumentTest" tests="1" failures="0" timestamp="27 May 2022 02:16:40 GMT" time="26.045" errors="0">
  <testcase name="createDocumentTest" time="26.045" classname="com.vtiger.documentTest.CreateDocumentTest"/>
</testsuite> <!-- com.vtiger.documentTest.CreateDocumentTest -->
