<?xml version="1.0" encoding="UTF-8"?>
<!-- Generated by org.testng.reporters.JUnitReportReporter -->
<testsuite hostname="DESKTOP-2EFMKDR" failures="0" tests="1" name="com.tyss.demo.testScript.CreateNewCustomerTest" time="9.829" errors="0" timestamp="2022-09-23T11:01:33 IST" skipped="0">
  <testcase classname="com.tyss.demo.testScript.CreateNewCustomerTest" name="createNewCustomerTest" time="9.829"/>
  <system-out/>
</testsuite> <!-- com.tyss.demo.testScript.CreateNewCustomerTest -->
