<?xml version="1.0" encoding="UTF-8"?>
<!-- Generated by org.testng.reporters.JUnitReportReporter -->
<testsuite hostname="DESKTOP-2EFMKDR" failures="0" tests="1" name="com.tyss.demo.listeners.ExtentReportWithLogo" time="2.190" errors="0" timestamp="2022-09-13T12:56:06 IST" skipped="0">
  <testcase classname="com.tyss.demo.listeners.ExtentReportWithLogo" name="extentReportWithLogo" time="2.190"/>
  <system-out/>
</testsuite> <!-- com.tyss.demo.listeners.ExtentReportWithLogo -->
