<?xml version="1.0" encoding="UTF-8"?>
<!-- Generated by org.testng.reporters.JUnitReportReporter -->
<testsuite hostname="DESKTOP-2EFMKDR" failures="0" tests="1" name="com.tyss.demo.testScript.CreateNewCustomerTest" time="11.121" errors="0" timestamp="2022-09-12T09:46:26 IST" skipped="0">
  <testcase classname="com.tyss.demo.testScript.CreateNewCustomerTest" name="createNewCustomerTest" time="11.121"/>
  <system-out/>
</testsuite> <!-- com.tyss.demo.testScript.CreateNewCustomerTest -->
